2024-05-18 02:48:02,458 - INFO - Simulation Parameters:
2024-05-18 02:48:02,458 - INFO - duration_years: 3
2024-05-18 02:48:02,458 - INFO - dt: 3600
2024-05-18 02:48:02,458 - INFO - 
2024-05-18 02:48:02,476 - INFO - Progress: 1000/26280
2024-05-18 02:48:02,494 - INFO - Progress: 2000/26280
2024-05-18 02:48:02,511 - INFO - Progress: 3000/26280
2024-05-18 02:48:02,527 - INFO - Progress: 4000/26280
2024-05-18 02:48:02,546 - INFO - Progress: 5000/26280
2024-05-18 02:48:02,564 - INFO - Progress: 6000/26280
2024-05-18 02:48:02,582 - INFO - Progress: 7000/26280
2024-05-18 02:48:02,601 - INFO - Progress: 8000/26280
2024-05-18 02:48:02,620 - INFO - Progress: 9000/26280
2024-05-18 02:48:02,638 - INFO - Progress: 10000/26280
2024-05-18 02:48:02,655 - INFO - Progress: 11000/26280
2024-05-18 02:48:02,672 - INFO - Progress: 12000/26280
2024-05-18 02:48:02,689 - INFO - Progress: 13000/26280
2024-05-18 02:48:02,706 - INFO - Progress: 14000/26280
2024-05-18 02:48:02,725 - INFO - Progress: 15000/26280
2024-05-18 02:48:02,744 - INFO - Progress: 16000/26280
2024-05-18 02:48:02,762 - INFO - Progress: 17000/26280
2024-05-18 02:48:02,780 - INFO - Progress: 18000/26280
2024-05-18 02:48:02,797 - INFO - Progress: 19000/26280
2024-05-18 02:48:02,822 - INFO - Progress: 20000/26280
2024-05-18 02:48:02,841 - INFO - Progress: 21000/26280
2024-05-18 02:48:02,862 - INFO - Progress: 22000/26280
2024-05-18 02:48:02,881 - INFO - Progress: 23000/26280
2024-05-18 02:48:02,899 - INFO - Progress: 24000/26280
2024-05-18 02:48:02,916 - INFO - Progress: 25000/26280
2024-05-18 02:48:02,932 - INFO - Progress: 26000/26280
2024-05-18 02:48:02,937 - INFO - Progress: 26280/26280
2024-05-18 02:48:02,937 - INFO - 
2024-05-18 02:48:02,937 - INFO - Simulation Runtime: 1716014882.46 seconds
2024-05-18 02:48:02,937 - INFO - 
